[2024-12-24 23:04:47 INFO background-preinit] [org.hibernate.validator.internal.util.Version] HV000001: Hibernate Validator 8.0.1.Final
[2024-12-24 23:04:47 INFO main] [p1.teamtodo.TeamtodoApplication] Starting TeamtodoApplication using Java 17.0.13 with PID 26488 (C:\Users\rmwl2\spring\teamtodo\build\classes\java\main started by rmwl2 in C:\Users\rmwl2\spring\teamtodo)
[2024-12-24 23:04:47 INFO main] [p1.teamtodo.TeamtodoApplication] No active profile set, falling back to 1 default profile: "default"
[2024-12-24 23:04:49 INFO main] [org.springframework.boot.web.embedded.tomcat.TomcatWebServer] Tomcat initialized with port 8080 (http)
[2024-12-24 23:04:49 INFO main] [org.apache.coyote.http11.Http11NioProtocol] Initializing ProtocolHandler ["http-nio-8080"]
[2024-12-24 23:04:49 INFO main] [org.apache.catalina.core.StandardService] Starting service [Tomcat]
[2024-12-24 23:04:49 INFO main] [org.apache.catalina.core.StandardEngine] Starting Servlet engine: [Apache Tomcat/10.1.33]
[2024-12-24 23:04:49 INFO main] [org.apache.catalina.core.ContainerBase.[Tomcat].[localhost].[/]] Initializing Spring embedded WebApplicationContext
[2024-12-24 23:04:49 INFO main] [org.springframework.boot.web.servlet.context.ServletWebServerApplicationContext] Root WebApplicationContext: initialization completed in 1766 ms
[2024-12-24 23:04:49 INFO main] [p1.teamtodo.common.MyFileUtils] MyFileUtils - 생성자: D:/Students/yjw/teamtodo/files
[2024-12-24 23:04:50 INFO main] [org.apache.coyote.http11.Http11NioProtocol] Starting ProtocolHandler ["http-nio-8080"]
[2024-12-24 23:04:50 INFO main] [org.springframework.boot.web.embedded.tomcat.TomcatWebServer] Tomcat started on port 8080 (http) with context path '/'
[2024-12-24 23:04:50 INFO main] [p1.teamtodo.TeamtodoApplication] Started TeamtodoApplication in 3.745 seconds (process running for 4.907)
[2024-12-24 23:05:26 INFO http-nio-8080-exec-2] [org.apache.catalina.core.ContainerBase.[Tomcat].[localhost].[/]] Initializing Spring DispatcherServlet 'dispatcherServlet'
[2024-12-24 23:05:26 INFO http-nio-8080-exec-2] [org.springframework.web.servlet.DispatcherServlet] Initializing Servlet 'dispatcherServlet'
[2024-12-24 23:05:26 INFO http-nio-8080-exec-2] [org.springframework.web.servlet.DispatcherServlet] Completed initialization in 1 ms
[2024-12-24 23:05:26 INFO http-nio-8080-exec-2] [com.zaxxer.hikari.HikariDataSource] HikariPool-1 - Starting...
[2024-12-24 23:05:26 INFO http-nio-8080-exec-2] [com.zaxxer.hikari.pool.HikariPool] HikariPool-1 - Added connection net.sf.log4jdbc.sql.jdbcapi.ConnectionSpy@58fb33aa
[2024-12-24 23:05:26 INFO http-nio-8080-exec-2] [com.zaxxer.hikari.HikariDataSource] HikariPool-1 - Start completed.
[2024-12-24 23:05:26 DEBUGhttp-nio-8080-exec-2] [jdbc.sqltiming]  com.zaxxer.hikari.pool.ProxyPreparedStatement.execute(ProxyPreparedStatement.java:44)
1. SELECT
            user_no AS userNo,
            password,
            nickname,
            email,
            profile_pic AS profilePic,
            first_login AS firstLogin,
            status_message AS userStatusMessage
        FROM user
        WHERE email = 'wjddnr1gh@naver.com'
 {executed in 3 msec}
[2024-12-24 23:05:26 INFO http-nio-8080-exec-2] [jdbc.resultsettable] 
|--------|-------------------------------------------------------------|---------|--------------------|------------|------------|---------------|
|user_no |password                                                     |nickname |email               |profile_pic |first_login |status_message |
|--------|-------------------------------------------------------------|---------|--------------------|------------|------------|---------------|
|6       |$2a$10$fSIsmzin1ct3rQUDvh1vguhCLlQSwkhGvCdWd6BawgcVPTChWOVAS |wook1    |wjddnr1gh@naver.com |null        |true        |null           |
|--------|-------------------------------------------------------------|---------|--------------------|------------|------------|---------------|

[2024-12-24 23:06:38 INFO SpringApplicationShutdownHook] [com.zaxxer.hikari.HikariDataSource] HikariPool-1 - Shutdown initiated...
[2024-12-24 23:06:38 INFO SpringApplicationShutdownHook] [com.zaxxer.hikari.HikariDataSource] HikariPool-1 - Shutdown completed.
[2024-12-24 23:06:43 INFO background-preinit] [org.hibernate.validator.internal.util.Version] HV000001: Hibernate Validator 8.0.1.Final
[2024-12-24 23:06:43 INFO main] [p1.teamtodo.TeamtodoApplication] Starting TeamtodoApplication using Java 17.0.13 with PID 24492 (C:\Users\rmwl2\spring\teamtodo\build\classes\java\main started by rmwl2 in C:\Users\rmwl2\spring\teamtodo)
[2024-12-24 23:06:43 INFO main] [p1.teamtodo.TeamtodoApplication] No active profile set, falling back to 1 default profile: "default"
[2024-12-24 23:06:44 INFO main] [org.springframework.boot.web.embedded.tomcat.TomcatWebServer] Tomcat initialized with port 8080 (http)
[2024-12-24 23:06:44 INFO main] [org.apache.coyote.http11.Http11NioProtocol] Initializing ProtocolHandler ["http-nio-8080"]
[2024-12-24 23:06:44 INFO main] [org.apache.catalina.core.StandardService] Starting service [Tomcat]
[2024-12-24 23:06:44 INFO main] [org.apache.catalina.core.StandardEngine] Starting Servlet engine: [Apache Tomcat/10.1.33]
[2024-12-24 23:06:44 INFO main] [org.apache.catalina.core.ContainerBase.[Tomcat].[localhost].[/]] Initializing Spring embedded WebApplicationContext
[2024-12-24 23:06:44 INFO main] [org.springframework.boot.web.servlet.context.ServletWebServerApplicationContext] Root WebApplicationContext: initialization completed in 1638 ms
[2024-12-24 23:06:45 INFO main] [p1.teamtodo.common.MyFileUtils] MyFileUtils - 생성자: D:/Students/yjw/teamtodo/files
[2024-12-24 23:06:45 INFO main] [org.apache.coyote.http11.Http11NioProtocol] Starting ProtocolHandler ["http-nio-8080"]
[2024-12-24 23:06:45 INFO main] [org.springframework.boot.web.embedded.tomcat.TomcatWebServer] Tomcat started on port 8080 (http) with context path '/'
[2024-12-24 23:06:45 INFO main] [p1.teamtodo.TeamtodoApplication] Started TeamtodoApplication in 3.697 seconds (process running for 4.659)
[2024-12-24 23:06:47 INFO http-nio-8080-exec-1] [org.apache.catalina.core.ContainerBase.[Tomcat].[localhost].[/]] Initializing Spring DispatcherServlet 'dispatcherServlet'
[2024-12-24 23:06:47 INFO http-nio-8080-exec-1] [org.springframework.web.servlet.DispatcherServlet] Initializing Servlet 'dispatcherServlet'
[2024-12-24 23:06:47 INFO http-nio-8080-exec-1] [org.springframework.web.servlet.DispatcherServlet] Completed initialization in 2 ms
[2024-12-24 23:07:07 INFO background-preinit] [org.hibernate.validator.internal.util.Version] HV000001: Hibernate Validator 8.0.1.Final
[2024-12-24 23:07:07 INFO main] [p1.teamtodo.TeamtodoApplication] Starting TeamtodoApplication using Java 17.0.13 with PID 24400 (C:\Users\rmwl2\spring\teamtodo\build\classes\java\main started by rmwl2 in C:\Users\rmwl2\spring\teamtodo)
[2024-12-24 23:07:07 INFO main] [p1.teamtodo.TeamtodoApplication] No active profile set, falling back to 1 default profile: "default"
[2024-12-24 23:07:09 INFO main] [org.springframework.boot.web.embedded.tomcat.TomcatWebServer] Tomcat initialized with port 8080 (http)
[2024-12-24 23:07:09 INFO main] [org.apache.coyote.http11.Http11NioProtocol] Initializing ProtocolHandler ["http-nio-8080"]
[2024-12-24 23:07:09 INFO main] [org.apache.catalina.core.StandardService] Starting service [Tomcat]
[2024-12-24 23:07:09 INFO main] [org.apache.catalina.core.StandardEngine] Starting Servlet engine: [Apache Tomcat/10.1.33]
[2024-12-24 23:07:09 INFO main] [org.apache.catalina.core.ContainerBase.[Tomcat].[localhost].[/]] Initializing Spring embedded WebApplicationContext
[2024-12-24 23:07:09 INFO main] [org.springframework.boot.web.servlet.context.ServletWebServerApplicationContext] Root WebApplicationContext: initialization completed in 1663 ms
[2024-12-24 23:07:09 INFO main] [p1.teamtodo.common.MyFileUtils] MyFileUtils - 생성자: D:/Students/yjw/teamtodo/files
[2024-12-24 23:07:10 INFO main] [org.apache.coyote.http11.Http11NioProtocol] Starting ProtocolHandler ["http-nio-8080"]
[2024-12-24 23:07:10 INFO main] [org.springframework.boot.web.embedded.tomcat.TomcatWebServer] Tomcat started on port 8080 (http) with context path '/'
[2024-12-24 23:07:10 INFO main] [p1.teamtodo.TeamtodoApplication] Started TeamtodoApplication in 3.687 seconds (process running for 4.451)
[2024-12-24 23:07:11 INFO http-nio-8080-exec-1] [org.apache.catalina.core.ContainerBase.[Tomcat].[localhost].[/]] Initializing Spring DispatcherServlet 'dispatcherServlet'
[2024-12-24 23:07:11 INFO http-nio-8080-exec-1] [org.springframework.web.servlet.DispatcherServlet] Initializing Servlet 'dispatcherServlet'
[2024-12-24 23:07:11 INFO http-nio-8080-exec-1] [org.springframework.web.servlet.DispatcherServlet] Completed initialization in 1 ms
[2024-12-24 23:07:48 INFO background-preinit] [org.hibernate.validator.internal.util.Version] HV000001: Hibernate Validator 8.0.1.Final
[2024-12-24 23:07:48 INFO main] [p1.teamtodo.TeamtodoApplication] Starting TeamtodoApplication using Java 17.0.13 with PID 26348 (C:\Users\rmwl2\spring\teamtodo\build\classes\java\main started by rmwl2 in C:\Users\rmwl2\spring\teamtodo)
[2024-12-24 23:07:48 INFO main] [p1.teamtodo.TeamtodoApplication] No active profile set, falling back to 1 default profile: "default"
[2024-12-24 23:07:50 INFO main] [org.springframework.boot.web.embedded.tomcat.TomcatWebServer] Tomcat initialized with port 8080 (http)
[2024-12-24 23:07:50 INFO main] [org.apache.coyote.http11.Http11NioProtocol] Initializing ProtocolHandler ["http-nio-8080"]
[2024-12-24 23:07:50 INFO main] [org.apache.catalina.core.StandardService] Starting service [Tomcat]
[2024-12-24 23:07:50 INFO main] [org.apache.catalina.core.StandardEngine] Starting Servlet engine: [Apache Tomcat/10.1.33]
[2024-12-24 23:07:50 INFO main] [org.apache.catalina.core.ContainerBase.[Tomcat].[localhost].[/]] Initializing Spring embedded WebApplicationContext
[2024-12-24 23:07:50 INFO main] [org.springframework.boot.web.servlet.context.ServletWebServerApplicationContext] Root WebApplicationContext: initialization completed in 1879 ms
[2024-12-24 23:07:50 INFO main] [p1.teamtodo.common.MyFileUtils] MyFileUtils - 생성자: D:/Students/yjw/teamtodo/files
[2024-12-24 23:07:51 INFO main] [org.apache.coyote.http11.Http11NioProtocol] Starting ProtocolHandler ["http-nio-8080"]
[2024-12-24 23:07:51 INFO main] [org.springframework.boot.web.embedded.tomcat.TomcatWebServer] Tomcat started on port 8080 (http) with context path '/'
[2024-12-24 23:07:51 INFO main] [p1.teamtodo.TeamtodoApplication] Started TeamtodoApplication in 4.063 seconds (process running for 5.151)
[2024-12-24 23:07:54 INFO http-nio-8080-exec-2] [org.apache.catalina.core.ContainerBase.[Tomcat].[localhost].[/]] Initializing Spring DispatcherServlet 'dispatcherServlet'
[2024-12-24 23:07:54 INFO http-nio-8080-exec-2] [org.springframework.web.servlet.DispatcherServlet] Initializing Servlet 'dispatcherServlet'
[2024-12-24 23:07:54 INFO http-nio-8080-exec-2] [org.springframework.web.servlet.DispatcherServlet] Completed initialization in 1 ms
[2024-12-24 23:10:41 INFO background-preinit] [org.hibernate.validator.internal.util.Version] HV000001: Hibernate Validator 8.0.1.Final
[2024-12-24 23:10:41 INFO main] [p1.teamtodo.TeamtodoApplication] Starting TeamtodoApplication using Java 17.0.13 with PID 28656 (C:\Users\rmwl2\spring\teamtodo\build\classes\java\main started by rmwl2 in C:\Users\rmwl2\spring\teamtodo)
[2024-12-24 23:10:41 INFO main] [p1.teamtodo.TeamtodoApplication] No active profile set, falling back to 1 default profile: "default"
[2024-12-24 23:10:42 INFO main] [org.springframework.boot.web.embedded.tomcat.TomcatWebServer] Tomcat initialized with port 8080 (http)
[2024-12-24 23:10:42 INFO main] [org.apache.coyote.http11.Http11NioProtocol] Initializing ProtocolHandler ["http-nio-8080"]
[2024-12-24 23:10:42 INFO main] [org.apache.catalina.core.StandardService] Starting service [Tomcat]
[2024-12-24 23:10:42 INFO main] [org.apache.catalina.core.StandardEngine] Starting Servlet engine: [Apache Tomcat/10.1.33]
[2024-12-24 23:10:43 INFO main] [org.apache.catalina.core.ContainerBase.[Tomcat].[localhost].[/]] Initializing Spring embedded WebApplicationContext
[2024-12-24 23:10:43 INFO main] [org.springframework.boot.web.servlet.context.ServletWebServerApplicationContext] Root WebApplicationContext: initialization completed in 1703 ms
[2024-12-24 23:10:43 INFO main] [p1.teamtodo.common.MyFileUtils] MyFileUtils - 생성자: D:/Students/yjw/teamtodo/files
[2024-12-24 23:10:44 INFO main] [org.apache.coyote.http11.Http11NioProtocol] Starting ProtocolHandler ["http-nio-8080"]
[2024-12-24 23:10:44 INFO main] [org.springframework.boot.web.embedded.tomcat.TomcatWebServer] Tomcat started on port 8080 (http) with context path '/'
[2024-12-24 23:10:44 INFO main] [p1.teamtodo.TeamtodoApplication] Started TeamtodoApplication in 3.723 seconds (process running for 4.947)
[2024-12-24 23:10:45 INFO http-nio-8080-exec-2] [org.apache.catalina.core.ContainerBase.[Tomcat].[localhost].[/]] Initializing Spring DispatcherServlet 'dispatcherServlet'
[2024-12-24 23:10:45 INFO http-nio-8080-exec-2] [org.springframework.web.servlet.DispatcherServlet] Initializing Servlet 'dispatcherServlet'
[2024-12-24 23:10:45 INFO http-nio-8080-exec-2] [org.springframework.web.servlet.DispatcherServlet] Completed initialization in 1 ms
[2024-12-24 23:11:26 INFO background-preinit] [org.hibernate.validator.internal.util.Version] HV000001: Hibernate Validator 8.0.1.Final
[2024-12-24 23:11:26 INFO main] [p1.teamtodo.TeamtodoApplication] Starting TeamtodoApplication using Java 17.0.13 with PID 12856 (C:\Users\rmwl2\spring\teamtodo\build\classes\java\main started by rmwl2 in C:\Users\rmwl2\spring\teamtodo)
[2024-12-24 23:11:26 INFO main] [p1.teamtodo.TeamtodoApplication] No active profile set, falling back to 1 default profile: "default"
[2024-12-24 23:11:28 INFO main] [org.springframework.boot.web.embedded.tomcat.TomcatWebServer] Tomcat initialized with port 8080 (http)
[2024-12-24 23:11:28 INFO main] [org.apache.coyote.http11.Http11NioProtocol] Initializing ProtocolHandler ["http-nio-8080"]
[2024-12-24 23:11:28 INFO main] [org.apache.catalina.core.StandardService] Starting service [Tomcat]
[2024-12-24 23:11:28 INFO main] [org.apache.catalina.core.StandardEngine] Starting Servlet engine: [Apache Tomcat/10.1.33]
[2024-12-24 23:11:28 INFO main] [org.apache.catalina.core.ContainerBase.[Tomcat].[localhost].[/]] Initializing Spring embedded WebApplicationContext
[2024-12-24 23:11:28 INFO main] [org.springframework.boot.web.servlet.context.ServletWebServerApplicationContext] Root WebApplicationContext: initialization completed in 1811 ms
[2024-12-24 23:11:28 INFO main] [p1.teamtodo.common.MyFileUtils] MyFileUtils - 생성자: D:/Students/yjw/teamtodo/files
[2024-12-24 23:11:29 INFO main] [org.apache.coyote.http11.Http11NioProtocol] Starting ProtocolHandler ["http-nio-8080"]
[2024-12-24 23:11:29 INFO main] [org.springframework.boot.web.embedded.tomcat.TomcatWebServer] Tomcat started on port 8080 (http) with context path '/'
[2024-12-24 23:11:29 INFO main] [p1.teamtodo.TeamtodoApplication] Started TeamtodoApplication in 4.082 seconds (process running for 5.451)
[2024-12-24 23:11:32 INFO http-nio-8080-exec-1] [org.apache.catalina.core.ContainerBase.[Tomcat].[localhost].[/]] Initializing Spring DispatcherServlet 'dispatcherServlet'
[2024-12-24 23:11:32 INFO http-nio-8080-exec-1] [org.springframework.web.servlet.DispatcherServlet] Initializing Servlet 'dispatcherServlet'
[2024-12-24 23:11:32 INFO http-nio-8080-exec-1] [org.springframework.web.servlet.DispatcherServlet] Completed initialization in 1 ms
[2024-12-24 23:14:22 INFO background-preinit] [org.hibernate.validator.internal.util.Version] HV000001: Hibernate Validator 8.0.1.Final
[2024-12-24 23:14:22 INFO main] [p1.teamtodo.TeamtodoApplication] Starting TeamtodoApplication using Java 17.0.13 with PID 26308 (C:\Users\rmwl2\spring\teamtodo\build\classes\java\main started by rmwl2 in C:\Users\rmwl2\spring\teamtodo)
[2024-12-24 23:14:22 INFO main] [p1.teamtodo.TeamtodoApplication] No active profile set, falling back to 1 default profile: "default"
[2024-12-24 23:14:24 INFO main] [org.springframework.boot.web.embedded.tomcat.TomcatWebServer] Tomcat initialized with port 8080 (http)
[2024-12-24 23:14:24 INFO main] [org.apache.coyote.http11.Http11NioProtocol] Initializing ProtocolHandler ["http-nio-8080"]
[2024-12-24 23:14:24 INFO main] [org.apache.catalina.core.StandardService] Starting service [Tomcat]
[2024-12-24 23:14:24 INFO main] [org.apache.catalina.core.StandardEngine] Starting Servlet engine: [Apache Tomcat/10.1.33]
[2024-12-24 23:14:24 INFO main] [org.apache.catalina.core.ContainerBase.[Tomcat].[localhost].[/]] Initializing Spring embedded WebApplicationContext
[2024-12-24 23:14:24 INFO main] [org.springframework.boot.web.servlet.context.ServletWebServerApplicationContext] Root WebApplicationContext: initialization completed in 1956 ms
[2024-12-24 23:14:24 INFO main] [p1.teamtodo.common.MyFileUtils] MyFileUtils - 생성자: D:/Students/yjw/teamtodo/files
[2024-12-24 23:14:25 INFO main] [org.springframework.boot.web.embedded.tomcat.TomcatWebServer] Tomcat started on port 8080 (http) with context path '/'
[2024-12-24 23:14:25 INFO main] [p1.teamtodo.TeamtodoApplication] Started TeamtodoApplication in 4.344 seconds (process running for 5.435)
[2024-12-24 23:16:55 INFO background-preinit] [org.hibernate.validator.internal.util.Version] HV000001: Hibernate Validator 8.0.1.Final
[2024-12-24 23:16:55 INFO main] [p1.teamtodo.TeamtodoApplication] Starting TeamtodoApplication using Java 17.0.13 with PID 22972 (C:\Users\rmwl2\spring\teamtodo\build\classes\java\main started by rmwl2 in C:\Users\rmwl2\spring\teamtodo)
[2024-12-24 23:16:55 INFO main] [p1.teamtodo.TeamtodoApplication] No active profile set, falling back to 1 default profile: "default"
[2024-12-24 23:16:57 INFO main] [org.springframework.boot.web.embedded.tomcat.TomcatWebServer] Tomcat initialized with port 8080 (http)
[2024-12-24 23:16:57 INFO main] [org.apache.coyote.http11.Http11NioProtocol] Initializing ProtocolHandler ["http-nio-8080"]
[2024-12-24 23:16:57 INFO main] [org.apache.catalina.core.StandardService] Starting service [Tomcat]
[2024-12-24 23:16:57 INFO main] [org.apache.catalina.core.StandardEngine] Starting Servlet engine: [Apache Tomcat/10.1.33]
[2024-12-24 23:16:57 INFO main] [org.apache.catalina.core.ContainerBase.[Tomcat].[localhost].[/]] Initializing Spring embedded WebApplicationContext
[2024-12-24 23:16:57 INFO main] [org.springframework.boot.web.servlet.context.ServletWebServerApplicationContext] Root WebApplicationContext: initialization completed in 1823 ms
[2024-12-24 23:16:57 INFO main] [p1.teamtodo.common.MyFileUtils] MyFileUtils - 생성자: D:/Students/yjw/teamtodo/files
[2024-12-24 23:16:58 INFO main] [org.apache.coyote.http11.Http11NioProtocol] Starting ProtocolHandler ["http-nio-8080"]
[2024-12-24 23:16:58 INFO main] [org.springframework.boot.web.embedded.tomcat.TomcatWebServer] Tomcat started on port 8080 (http) with context path '/'
[2024-12-24 23:16:58 INFO main] [p1.teamtodo.TeamtodoApplication] Started TeamtodoApplication in 4.205 seconds (process running for 5.048)
[2024-12-24 23:17:00 INFO http-nio-8080-exec-2] [org.apache.catalina.core.ContainerBase.[Tomcat].[localhost].[/]] Initializing Spring DispatcherServlet 'dispatcherServlet'
[2024-12-24 23:17:00 INFO http-nio-8080-exec-2] [org.springframework.web.servlet.DispatcherServlet] Initializing Servlet 'dispatcherServlet'
[2024-12-24 23:17:00 INFO http-nio-8080-exec-2] [org.springframework.web.servlet.DispatcherServlet] Completed initialization in 1 ms
[2024-12-24 23:33:00 INFO background-preinit] [org.hibernate.validator.internal.util.Version] HV000001: Hibernate Validator 8.0.1.Final
[2024-12-24 23:33:00 INFO main] [p1.teamtodo.TeamtodoApplication] Starting TeamtodoApplication using Java 17.0.13 with PID 26700 (C:\Users\rmwl2\spring\teamtodo\build\classes\java\main started by rmwl2 in C:\Users\rmwl2\spring\teamtodo)
[2024-12-24 23:33:00 INFO main] [p1.teamtodo.TeamtodoApplication] No active profile set, falling back to 1 default profile: "default"
[2024-12-24 23:33:02 INFO main] [org.springframework.boot.web.embedded.tomcat.TomcatWebServer] Tomcat initialized with port 8080 (http)
[2024-12-24 23:33:02 INFO main] [org.apache.coyote.http11.Http11NioProtocol] Initializing ProtocolHandler ["http-nio-8080"]
[2024-12-24 23:33:02 INFO main] [org.apache.catalina.core.StandardService] Starting service [Tomcat]
[2024-12-24 23:33:02 INFO main] [org.apache.catalina.core.StandardEngine] Starting Servlet engine: [Apache Tomcat/10.1.33]
[2024-12-24 23:33:02 INFO main] [org.apache.catalina.core.ContainerBase.[Tomcat].[localhost].[/]] Initializing Spring embedded WebApplicationContext
[2024-12-24 23:33:02 INFO main] [org.springframework.boot.web.servlet.context.ServletWebServerApplicationContext] Root WebApplicationContext: initialization completed in 1888 ms
[2024-12-24 23:33:02 INFO main] [p1.teamtodo.common.MyFileUtils] MyFileUtils - 생성자: D:/Students/yjw/teamtodo/files
[2024-12-24 23:33:03 INFO main] [org.apache.coyote.http11.Http11NioProtocol] Starting ProtocolHandler ["http-nio-8080"]
[2024-12-24 23:33:03 INFO main] [org.springframework.boot.web.embedded.tomcat.TomcatWebServer] Tomcat started on port 8080 (http) with context path '/'
[2024-12-24 23:33:03 INFO main] [p1.teamtodo.TeamtodoApplication] Started TeamtodoApplication in 4.168 seconds (process running for 5.224)
[2024-12-24 23:33:06 INFO http-nio-8080-exec-1] [org.apache.catalina.core.ContainerBase.[Tomcat].[localhost].[/]] Initializing Spring DispatcherServlet 'dispatcherServlet'
[2024-12-24 23:33:06 INFO http-nio-8080-exec-1] [org.springframework.web.servlet.DispatcherServlet] Initializing Servlet 'dispatcherServlet'
[2024-12-24 23:33:06 INFO http-nio-8080-exec-1] [org.springframework.web.servlet.DispatcherServlet] Completed initialization in 1 ms
[2024-12-24 23:33:35 INFO background-preinit] [org.hibernate.validator.internal.util.Version] HV000001: Hibernate Validator 8.0.1.Final
[2024-12-24 23:33:35 INFO main] [p1.teamtodo.TeamtodoApplication] Starting TeamtodoApplication using Java 17.0.13 with PID 17932 (C:\Users\rmwl2\spring\teamtodo\build\classes\java\main started by rmwl2 in C:\Users\rmwl2\spring\teamtodo)
[2024-12-24 23:33:35 INFO main] [p1.teamtodo.TeamtodoApplication] No active profile set, falling back to 1 default profile: "default"
[2024-12-24 23:33:37 INFO main] [org.springframework.boot.web.embedded.tomcat.TomcatWebServer] Tomcat initialized with port 8080 (http)
[2024-12-24 23:33:37 INFO main] [org.apache.coyote.http11.Http11NioProtocol] Initializing ProtocolHandler ["http-nio-8080"]
[2024-12-24 23:33:37 INFO main] [org.apache.catalina.core.StandardService] Starting service [Tomcat]
[2024-12-24 23:33:37 INFO main] [org.apache.catalina.core.StandardEngine] Starting Servlet engine: [Apache Tomcat/10.1.33]
[2024-12-24 23:33:37 INFO main] [org.apache.catalina.core.ContainerBase.[Tomcat].[localhost].[/]] Initializing Spring embedded WebApplicationContext
[2024-12-24 23:33:37 INFO main] [org.springframework.boot.web.servlet.context.ServletWebServerApplicationContext] Root WebApplicationContext: initialization completed in 1914 ms
[2024-12-24 23:33:37 INFO main] [p1.teamtodo.common.MyFileUtils] MyFileUtils - 생성자: D:/Students/yjw/teamtodo/files
[2024-12-24 23:33:38 INFO main] [org.apache.coyote.http11.Http11NioProtocol] Starting ProtocolHandler ["http-nio-8080"]
[2024-12-24 23:33:38 INFO main] [org.springframework.boot.web.embedded.tomcat.TomcatWebServer] Tomcat started on port 8080 (http) with context path '/'
[2024-12-24 23:33:38 INFO main] [p1.teamtodo.TeamtodoApplication] Started TeamtodoApplication in 4.125 seconds (process running for 5.188)
[2024-12-24 23:33:40 INFO http-nio-8080-exec-1] [org.apache.catalina.core.ContainerBase.[Tomcat].[localhost].[/]] Initializing Spring DispatcherServlet 'dispatcherServlet'
[2024-12-24 23:33:40 INFO http-nio-8080-exec-1] [org.springframework.web.servlet.DispatcherServlet] Initializing Servlet 'dispatcherServlet'
[2024-12-24 23:33:40 INFO http-nio-8080-exec-1] [org.springframework.web.servlet.DispatcherServlet] Completed initialization in 0 ms
[2024-12-24 23:42:55 INFO background-preinit] [org.hibernate.validator.internal.util.Version] HV000001: Hibernate Validator 8.0.1.Final
[2024-12-24 23:42:55 INFO main] [p1.teamtodo.TeamtodoApplication] Starting TeamtodoApplication using Java 17.0.13 with PID 13656 (C:\Users\rmwl2\spring\teamtodo\build\classes\java\main started by rmwl2 in C:\Users\rmwl2\spring\teamtodo)
[2024-12-24 23:42:55 INFO main] [p1.teamtodo.TeamtodoApplication] No active profile set, falling back to 1 default profile: "default"
[2024-12-24 23:42:57 INFO main] [org.springframework.boot.web.embedded.tomcat.TomcatWebServer] Tomcat initialized with port 8080 (http)
[2024-12-24 23:42:57 INFO main] [org.apache.coyote.http11.Http11NioProtocol] Initializing ProtocolHandler ["http-nio-8080"]
[2024-12-24 23:42:57 INFO main] [org.apache.catalina.core.StandardService] Starting service [Tomcat]
[2024-12-24 23:42:57 INFO main] [org.apache.catalina.core.StandardEngine] Starting Servlet engine: [Apache Tomcat/10.1.33]
[2024-12-24 23:42:57 INFO main] [org.apache.catalina.core.ContainerBase.[Tomcat].[localhost].[/]] Initializing Spring embedded WebApplicationContext
[2024-12-24 23:42:57 INFO main] [org.springframework.boot.web.servlet.context.ServletWebServerApplicationContext] Root WebApplicationContext: initialization completed in 1902 ms
[2024-12-24 23:42:57 INFO main] [p1.teamtodo.common.MyFileUtils] MyFileUtils - 생성자: D:/Students/yjw/teamtodo/files
[2024-12-24 23:42:58 INFO main] [org.apache.coyote.http11.Http11NioProtocol] Starting ProtocolHandler ["http-nio-8080"]
[2024-12-24 23:42:58 INFO main] [org.springframework.boot.web.embedded.tomcat.TomcatWebServer] Tomcat started on port 8080 (http) with context path '/'
[2024-12-24 23:42:58 INFO main] [p1.teamtodo.TeamtodoApplication] Started TeamtodoApplication in 4.187 seconds (process running for 5.166)
[2024-12-24 23:43:00 INFO http-nio-8080-exec-1] [org.apache.catalina.core.ContainerBase.[Tomcat].[localhost].[/]] Initializing Spring DispatcherServlet 'dispatcherServlet'
[2024-12-24 23:43:00 INFO http-nio-8080-exec-1] [org.springframework.web.servlet.DispatcherServlet] Initializing Servlet 'dispatcherServlet'
[2024-12-24 23:43:00 INFO http-nio-8080-exec-1] [org.springframework.web.servlet.DispatcherServlet] Completed initialization in 1 ms
