[2024-12-25 00:15:22 INFO background-preinit] [org.hibernate.validator.internal.util.Version] HV000001: Hibernate Validator 8.0.1.Final
[2024-12-25 00:15:22 INFO main] [p1.teamtodo.TeamtodoApplication] Starting TeamtodoApplication using Java 17.0.13 with PID 28576 (C:\Users\rmwl2\spring\teamtodo\build\classes\java\main started by rmwl2 in C:\Users\rmwl2\spring\teamtodo)
[2024-12-25 00:15:22 INFO main] [p1.teamtodo.TeamtodoApplication] No active profile set, falling back to 1 default profile: "default"
[2024-12-25 00:15:24 INFO main] [org.springframework.boot.web.embedded.tomcat.TomcatWebServer] Tomcat initialized with port 8080 (http)
[2024-12-25 00:15:24 INFO main] [org.apache.coyote.http11.Http11NioProtocol] Initializing ProtocolHandler ["http-nio-8080"]
[2024-12-25 00:15:24 INFO main] [org.apache.catalina.core.StandardService] Starting service [Tomcat]
[2024-12-25 00:15:24 INFO main] [org.apache.catalina.core.StandardEngine] Starting Servlet engine: [Apache Tomcat/10.1.33]
[2024-12-25 00:15:24 INFO main] [org.apache.catalina.core.ContainerBase.[Tomcat].[localhost].[/]] Initializing Spring embedded WebApplicationContext
[2024-12-25 00:15:24 INFO main] [org.springframework.boot.web.servlet.context.ServletWebServerApplicationContext] Root WebApplicationContext: initialization completed in 1696 ms
[2024-12-25 00:15:24 INFO main] [p1.teamtodo.common.MyFileUtils] MyFileUtils - 생성자: D:/Students/yjw/teamtodo/files
[2024-12-25 00:15:25 INFO main] [org.apache.coyote.http11.Http11NioProtocol] Starting ProtocolHandler ["http-nio-8080"]
[2024-12-25 00:15:25 INFO main] [org.springframework.boot.web.embedded.tomcat.TomcatWebServer] Tomcat started on port 8080 (http) with context path '/'
[2024-12-25 00:15:25 INFO main] [p1.teamtodo.TeamtodoApplication] Started TeamtodoApplication in 3.705 seconds (process running for 5.015)
[2024-12-25 00:17:06 INFO http-nio-8080-exec-1] [org.apache.catalina.core.ContainerBase.[Tomcat].[localhost].[/]] Initializing Spring DispatcherServlet 'dispatcherServlet'
[2024-12-25 00:17:06 INFO http-nio-8080-exec-1] [org.springframework.web.servlet.DispatcherServlet] Initializing Servlet 'dispatcherServlet'
[2024-12-25 00:17:06 INFO http-nio-8080-exec-1] [org.springframework.web.servlet.DispatcherServlet] Completed initialization in 1 ms
[2024-12-25 00:17:06 WARN http-nio-8080-exec-1] [org.springframework.web.servlet.mvc.support.DefaultHandlerExceptionResolver] Resolved [org.springframework.http.converter.HttpMessageNotReadableException: JSON parse error: Unexpected character ('}' (code 125)): was expecting double-quote to start field name]
[2024-12-25 00:18:22 INFO http-nio-8080-exec-4] [com.zaxxer.hikari.HikariDataSource] HikariPool-1 - Starting...
[2024-12-25 00:18:22 INFO http-nio-8080-exec-4] [com.zaxxer.hikari.pool.HikariPool] HikariPool-1 - Added connection net.sf.log4jdbc.sql.jdbcapi.ConnectionSpy@24729a93
[2024-12-25 00:18:22 INFO http-nio-8080-exec-4] [com.zaxxer.hikari.HikariDataSource] HikariPool-1 - Start completed.
[2024-12-25 00:18:22 DEBUGhttp-nio-8080-exec-4] [jdbc.sqltiming]  com.zaxxer.hikari.pool.ProxyPreparedStatement.execute(ProxyPreparedStatement.java:44)
1. SELECT EXISTS (
            SELECT nickname FROM `user`
            WHERE nickname='editnick'
        )
 {executed in 1 msec}
[2024-12-25 00:18:22 INFO http-nio-8080-exec-4] [jdbc.resultsettable] 
|-------------------------------------------------------------------------------------------------|
|exists (
            select nickname from `user`
            where nickname='editnick'
        ) |
|-------------------------------------------------------------------------------------------------|
|false                                                                                            |
|-------------------------------------------------------------------------------------------------|

[2024-12-25 00:18:22 ERRORhttp-nio-8080-exec-4] [org.apache.catalina.core.ContainerBase.[Tomcat].[localhost].[/].[dispatcherServlet]] Servlet.service() for servlet [dispatcherServlet] in context with path [] threw exception [Request processing failed: org.mybatis.spring.MyBatisSystemException: 
### Error updating database.  Cause: org.apache.ibatis.reflection.ReflectionException: There is no getter for property named 'targetUserNo' in 'class p1.teamtodo.user.model.dto.UserDto'
### The error may exist in file [C:\Users\rmwl2\spring\teamtodo\build\resources\main\mapper\UserMapper.xml]
### The error may involve defaultParameterMap
### The error occurred while setting parameters
### SQL: UPDATE `user`         SET nickname = ?             , password = ?             , profile_pic = ?         WHERE user_no = ?;
### Cause: org.apache.ibatis.reflection.ReflectionException: There is no getter for property named 'targetUserNo' in 'class p1.teamtodo.user.model.dto.UserDto'] with root cause
org.apache.ibatis.reflection.ReflectionException: There is no getter for property named 'targetUserNo' in 'class p1.teamtodo.user.model.dto.UserDto'
	at org.apache.ibatis.reflection.Reflector.getGetInvoker(Reflector.java:385)
	at org.apache.ibatis.reflection.MetaClass.getGetInvoker(MetaClass.java:160)
	at org.apache.ibatis.reflection.wrapper.BeanWrapper.getBeanProperty(BeanWrapper.java:156)
	at org.apache.ibatis.reflection.wrapper.BeanWrapper.get(BeanWrapper.java:50)
	at org.apache.ibatis.reflection.MetaObject.getValue(MetaObject.java:115)
	at org.apache.ibatis.scripting.defaults.DefaultParameterHandler.setParameters(DefaultParameterHandler.java:82)
	at org.apache.ibatis.executor.statement.PreparedStatementHandler.parameterize(PreparedStatementHandler.java:97)
	at org.apache.ibatis.executor.statement.RoutingStatementHandler.parameterize(RoutingStatementHandler.java:65)
	at org.apache.ibatis.executor.SimpleExecutor.prepareStatement(SimpleExecutor.java:91)
	at org.apache.ibatis.executor.SimpleExecutor.doUpdate(SimpleExecutor.java:49)
	at org.apache.ibatis.executor.BaseExecutor.update(BaseExecutor.java:117)
	at org.apache.ibatis.executor.CachingExecutor.update(CachingExecutor.java:76)
	at org.apache.ibatis.session.defaults.DefaultSqlSession.update(DefaultSqlSession.java:197)
	at java.base/jdk.internal.reflect.NativeMethodAccessorImpl.invoke0(Native Method)
	at java.base/jdk.internal.reflect.NativeMethodAccessorImpl.invoke(NativeMethodAccessorImpl.java:77)
	at java.base/jdk.internal.reflect.DelegatingMethodAccessorImpl.invoke(DelegatingMethodAccessorImpl.java:43)
	at java.base/java.lang.reflect.Method.invoke(Method.java:569)
	at org.mybatis.spring.SqlSessionTemplate$SqlSessionInterceptor.invoke(SqlSessionTemplate.java:333)
	at jdk.proxy2/jdk.proxy2.$Proxy85.update(Unknown Source)
	at org.mybatis.spring.SqlSessionTemplate.update(SqlSessionTemplate.java:234)
	at org.apache.ibatis.binding.MapperMethod.execute(MapperMethod.java:67)
	at org.apache.ibatis.binding.MapperProxy$PlainMethodInvoker.invoke(MapperProxy.java:141)
	at org.apache.ibatis.binding.MapperProxy.invoke(MapperProxy.java:86)
	at jdk.proxy2/jdk.proxy2.$Proxy86.editUser(Unknown Source)
	at p1.teamtodo.user.UserService.editUser(UserService.java:182)
	at java.base/jdk.internal.reflect.NativeMethodAccessorImpl.invoke0(Native Method)
	at java.base/jdk.internal.reflect.NativeMethodAccessorImpl.invoke(NativeMethodAccessorImpl.java:77)
	at java.base/jdk.internal.reflect.DelegatingMethodAccessorImpl.invoke(DelegatingMethodAccessorImpl.java:43)
	at java.base/java.lang.reflect.Method.invoke(Method.java:569)
	at org.springframework.aop.support.AopUtils.invokeJoinpointUsingReflection(AopUtils.java:355)
	at org.springframework.aop.framework.ReflectiveMethodInvocation.invokeJoinpoint(ReflectiveMethodInvocation.java:196)
	at org.springframework.aop.framework.ReflectiveMethodInvocation.proceed(ReflectiveMethodInvocation.java:163)
	at org.springframework.aop.framework.CglibAopProxy$CglibMethodInvocation.proceed(CglibAopProxy.java:768)
	at org.springframework.transaction.interceptor.TransactionAspectSupport.invokeWithinTransaction(TransactionAspectSupport.java:379)
	at org.springframework.transaction.interceptor.TransactionInterceptor.invoke(TransactionInterceptor.java:119)
	at org.springframework.aop.framework.ReflectiveMethodInvocation.proceed(ReflectiveMethodInvocation.java:184)
	at org.springframework.aop.framework.CglibAopProxy$CglibMethodInvocation.proceed(CglibAopProxy.java:768)
	at org.springframework.aop.framework.CglibAopProxy$DynamicAdvisedInterceptor.intercept(CglibAopProxy.java:720)
	at p1.teamtodo.user.UserService$$SpringCGLIB$$0.editUser(<generated>)
	at p1.teamtodo.user.UserController.editUser(UserController.java:56)
	at java.base/jdk.internal.reflect.NativeMethodAccessorImpl.invoke0(Native Method)
	at java.base/jdk.internal.reflect.NativeMethodAccessorImpl.invoke(NativeMethodAccessorImpl.java:77)
	at java.base/jdk.internal.reflect.DelegatingMethodAccessorImpl.invoke(DelegatingMethodAccessorImpl.java:43)
	at java.base/java.lang.reflect.Method.invoke(Method.java:569)
	at org.springframework.web.method.support.InvocableHandlerMethod.doInvoke(InvocableHandlerMethod.java:255)
	at org.springframework.web.method.support.InvocableHandlerMethod.invokeForRequest(InvocableHandlerMethod.java:188)
	at org.springframework.web.servlet.mvc.method.annotation.ServletInvocableHandlerMethod.invokeAndHandle(ServletInvocableHandlerMethod.java:118)
	at org.springframework.web.servlet.mvc.method.annotation.RequestMappingHandlerAdapter.invokeHandlerMethod(RequestMappingHandlerAdapter.java:926)
	at org.springframework.web.servlet.mvc.method.annotation.RequestMappingHandlerAdapter.handleInternal(RequestMappingHandlerAdapter.java:831)
	at org.springframework.web.servlet.mvc.method.AbstractHandlerMethodAdapter.handle(AbstractHandlerMethodAdapter.java:87)
	at org.springframework.web.servlet.DispatcherServlet.doDispatch(DispatcherServlet.java:1089)
	at org.springframework.web.servlet.DispatcherServlet.doService(DispatcherServlet.java:979)
	at org.springframework.web.servlet.FrameworkServlet.processRequest(FrameworkServlet.java:1014)
	at org.springframework.web.servlet.FrameworkServlet.doPut(FrameworkServlet.java:925)
	at jakarta.servlet.http.HttpServlet.service(HttpServlet.java:593)
	at org.springframework.web.servlet.FrameworkServlet.service(FrameworkServlet.java:885)
	at jakarta.servlet.http.HttpServlet.service(HttpServlet.java:658)
	at org.apache.catalina.core.ApplicationFilterChain.internalDoFilter(ApplicationFilterChain.java:195)
	at org.apache.catalina.core.ApplicationFilterChain.doFilter(ApplicationFilterChain.java:140)
	at org.apache.tomcat.websocket.server.WsFilter.doFilter(WsFilter.java:51)
	at org.apache.catalina.core.ApplicationFilterChain.internalDoFilter(ApplicationFilterChain.java:164)
	at org.apache.catalina.core.ApplicationFilterChain.doFilter(ApplicationFilterChain.java:140)
	at org.springframework.web.filter.RequestContextFilter.doFilterInternal(RequestContextFilter.java:100)
	at org.springframework.web.filter.OncePerRequestFilter.doFilter(OncePerRequestFilter.java:116)
	at org.apache.catalina.core.ApplicationFilterChain.internalDoFilter(ApplicationFilterChain.java:164)
	at org.apache.catalina.core.ApplicationFilterChain.doFilter(ApplicationFilterChain.java:140)
	at org.springframework.web.filter.FormContentFilter.doFilterInternal(FormContentFilter.java:93)
	at org.springframework.web.filter.OncePerRequestFilter.doFilter(OncePerRequestFilter.java:116)
	at org.apache.catalina.core.ApplicationFilterChain.internalDoFilter(ApplicationFilterChain.java:164)
	at org.apache.catalina.core.ApplicationFilterChain.doFilter(ApplicationFilterChain.java:140)
	at org.springframework.web.filter.CharacterEncodingFilter.doFilterInternal(CharacterEncodingFilter.java:201)
	at org.springframework.web.filter.OncePerRequestFilter.doFilter(OncePerRequestFilter.java:116)
	at org.apache.catalina.core.ApplicationFilterChain.internalDoFilter(ApplicationFilterChain.java:164)
	at org.apache.catalina.core.ApplicationFilterChain.doFilter(ApplicationFilterChain.java:140)
	at org.apache.catalina.core.StandardWrapperValve.invoke(StandardWrapperValve.java:167)
	at org.apache.catalina.core.StandardContextValve.invoke(StandardContextValve.java:90)
	at org.apache.catalina.authenticator.AuthenticatorBase.invoke(AuthenticatorBase.java:483)
	at org.apache.catalina.core.StandardHostValve.invoke(StandardHostValve.java:115)
	at org.apache.catalina.valves.ErrorReportValve.invoke(ErrorReportValve.java:93)
	at org.apache.catalina.core.StandardEngineValve.invoke(StandardEngineValve.java:74)
	at org.apache.catalina.connector.CoyoteAdapter.service(CoyoteAdapter.java:344)
	at org.apache.coyote.http11.Http11Processor.service(Http11Processor.java:397)
	at org.apache.coyote.AbstractProcessorLight.process(AbstractProcessorLight.java:63)
	at org.apache.coyote.AbstractProtocol$ConnectionHandler.process(AbstractProtocol.java:905)
	at org.apache.tomcat.util.net.NioEndpoint$SocketProcessor.doRun(NioEndpoint.java:1741)
	at org.apache.tomcat.util.net.SocketProcessorBase.run(SocketProcessorBase.java:52)
	at org.apache.tomcat.util.threads.ThreadPoolExecutor.runWorker(ThreadPoolExecutor.java:1190)
	at org.apache.tomcat.util.threads.ThreadPoolExecutor$Worker.run(ThreadPoolExecutor.java:659)
	at org.apache.tomcat.util.threads.TaskThread$WrappingRunnable.run(TaskThread.java:63)
	at java.base/java.lang.Thread.run(Thread.java:840)
[2024-12-25 00:18:44 INFO SpringApplicationShutdownHook] [com.zaxxer.hikari.HikariDataSource] HikariPool-1 - Shutdown initiated...
[2024-12-25 00:18:44 INFO SpringApplicationShutdownHook] [com.zaxxer.hikari.HikariDataSource] HikariPool-1 - Shutdown completed.
[2024-12-25 00:18:48 INFO background-preinit] [org.hibernate.validator.internal.util.Version] HV000001: Hibernate Validator 8.0.1.Final
[2024-12-25 00:18:48 INFO main] [p1.teamtodo.TeamtodoApplication] Starting TeamtodoApplication using Java 17.0.13 with PID 21588 (C:\Users\rmwl2\spring\teamtodo\build\classes\java\main started by rmwl2 in C:\Users\rmwl2\spring\teamtodo)
[2024-12-25 00:18:48 INFO main] [p1.teamtodo.TeamtodoApplication] No active profile set, falling back to 1 default profile: "default"
[2024-12-25 00:18:50 INFO main] [org.springframework.boot.web.embedded.tomcat.TomcatWebServer] Tomcat initialized with port 8080 (http)
[2024-12-25 00:18:50 INFO main] [org.apache.coyote.http11.Http11NioProtocol] Initializing ProtocolHandler ["http-nio-8080"]
[2024-12-25 00:18:50 INFO main] [org.apache.catalina.core.StandardService] Starting service [Tomcat]
[2024-12-25 00:18:50 INFO main] [org.apache.catalina.core.StandardEngine] Starting Servlet engine: [Apache Tomcat/10.1.33]
[2024-12-25 00:18:50 INFO main] [org.apache.catalina.core.ContainerBase.[Tomcat].[localhost].[/]] Initializing Spring embedded WebApplicationContext
[2024-12-25 00:18:50 INFO main] [org.springframework.boot.web.servlet.context.ServletWebServerApplicationContext] Root WebApplicationContext: initialization completed in 1723 ms
[2024-12-25 00:18:50 INFO main] [p1.teamtodo.common.MyFileUtils] MyFileUtils - 생성자: D:/Students/yjw/teamtodo/files
[2024-12-25 00:18:51 INFO main] [org.apache.coyote.http11.Http11NioProtocol] Starting ProtocolHandler ["http-nio-8080"]
[2024-12-25 00:18:51 INFO main] [org.springframework.boot.web.embedded.tomcat.TomcatWebServer] Tomcat started on port 8080 (http) with context path '/'
[2024-12-25 00:18:51 INFO main] [p1.teamtodo.TeamtodoApplication] Started TeamtodoApplication in 3.73 seconds (process running for 4.53)
[2024-12-25 00:19:08 INFO http-nio-8080-exec-1] [org.apache.catalina.core.ContainerBase.[Tomcat].[localhost].[/]] Initializing Spring DispatcherServlet 'dispatcherServlet'
[2024-12-25 00:19:08 INFO http-nio-8080-exec-1] [org.springframework.web.servlet.DispatcherServlet] Initializing Servlet 'dispatcherServlet'
[2024-12-25 00:19:08 INFO http-nio-8080-exec-1] [org.springframework.web.servlet.DispatcherServlet] Completed initialization in 1 ms
[2024-12-25 00:19:09 INFO http-nio-8080-exec-1] [com.zaxxer.hikari.HikariDataSource] HikariPool-1 - Starting...
[2024-12-25 00:19:09 INFO http-nio-8080-exec-1] [com.zaxxer.hikari.pool.HikariPool] HikariPool-1 - Added connection net.sf.log4jdbc.sql.jdbcapi.ConnectionSpy@54024be1
[2024-12-25 00:19:09 INFO http-nio-8080-exec-1] [com.zaxxer.hikari.HikariDataSource] HikariPool-1 - Start completed.
[2024-12-25 00:19:09 DEBUGhttp-nio-8080-exec-1] [jdbc.sqltiming]  com.zaxxer.hikari.pool.ProxyPreparedStatement.execute(ProxyPreparedStatement.java:44)
1. SELECT EXISTS (
            SELECT nickname FROM `user`
            WHERE nickname='editnick'
        )
 {executed in 1 msec}
[2024-12-25 00:19:09 INFO http-nio-8080-exec-1] [jdbc.resultsettable] 
|-------------------------------------------------------------------------------------------------|
|exists (
            select nickname from `user`
            where nickname='editnick'
        ) |
|-------------------------------------------------------------------------------------------------|
|false                                                                                            |
|-------------------------------------------------------------------------------------------------|

[2024-12-25 00:19:09 ERRORhttp-nio-8080-exec-1] [org.apache.catalina.core.ContainerBase.[Tomcat].[localhost].[/].[dispatcherServlet]] Servlet.service() for servlet [dispatcherServlet] in context with path [] threw exception [Request processing failed: org.mybatis.spring.MyBatisSystemException: 
### Error updating database.  Cause: org.apache.ibatis.reflection.ReflectionException: There is no getter for property named 'targetUserNo' in 'class p1.teamtodo.user.model.dto.UserDto'
### The error may exist in file [C:\Users\rmwl2\spring\teamtodo\build\resources\main\mapper\UserMapper.xml]
### The error may involve defaultParameterMap
### The error occurred while setting parameters
### SQL: UPDATE `user`         SET nickname = ?             , password = ?             , profile_pic = ?         WHERE user_no = ?
### Cause: org.apache.ibatis.reflection.ReflectionException: There is no getter for property named 'targetUserNo' in 'class p1.teamtodo.user.model.dto.UserDto'] with root cause
org.apache.ibatis.reflection.ReflectionException: There is no getter for property named 'targetUserNo' in 'class p1.teamtodo.user.model.dto.UserDto'
	at org.apache.ibatis.reflection.Reflector.getGetInvoker(Reflector.java:385)
	at org.apache.ibatis.reflection.MetaClass.getGetInvoker(MetaClass.java:160)
	at org.apache.ibatis.reflection.wrapper.BeanWrapper.getBeanProperty(BeanWrapper.java:156)
	at org.apache.ibatis.reflection.wrapper.BeanWrapper.get(BeanWrapper.java:50)
	at org.apache.ibatis.reflection.MetaObject.getValue(MetaObject.java:115)
	at org.apache.ibatis.scripting.defaults.DefaultParameterHandler.setParameters(DefaultParameterHandler.java:82)
	at org.apache.ibatis.executor.statement.PreparedStatementHandler.parameterize(PreparedStatementHandler.java:97)
	at org.apache.ibatis.executor.statement.RoutingStatementHandler.parameterize(RoutingStatementHandler.java:65)
	at org.apache.ibatis.executor.SimpleExecutor.prepareStatement(SimpleExecutor.java:91)
	at org.apache.ibatis.executor.SimpleExecutor.doUpdate(SimpleExecutor.java:49)
	at org.apache.ibatis.executor.BaseExecutor.update(BaseExecutor.java:117)
	at org.apache.ibatis.executor.CachingExecutor.update(CachingExecutor.java:76)
	at org.apache.ibatis.session.defaults.DefaultSqlSession.update(DefaultSqlSession.java:197)
	at java.base/jdk.internal.reflect.NativeMethodAccessorImpl.invoke0(Native Method)
	at java.base/jdk.internal.reflect.NativeMethodAccessorImpl.invoke(NativeMethodAccessorImpl.java:77)
	at java.base/jdk.internal.reflect.DelegatingMethodAccessorImpl.invoke(DelegatingMethodAccessorImpl.java:43)
	at java.base/java.lang.reflect.Method.invoke(Method.java:569)
	at org.mybatis.spring.SqlSessionTemplate$SqlSessionInterceptor.invoke(SqlSessionTemplate.java:333)
	at jdk.proxy2/jdk.proxy2.$Proxy85.update(Unknown Source)
	at org.mybatis.spring.SqlSessionTemplate.update(SqlSessionTemplate.java:234)
	at org.apache.ibatis.binding.MapperMethod.execute(MapperMethod.java:67)
	at org.apache.ibatis.binding.MapperProxy$PlainMethodInvoker.invoke(MapperProxy.java:141)
	at org.apache.ibatis.binding.MapperProxy.invoke(MapperProxy.java:86)
	at jdk.proxy2/jdk.proxy2.$Proxy86.editUser(Unknown Source)
	at p1.teamtodo.user.UserService.editUser(UserService.java:182)
	at java.base/jdk.internal.reflect.NativeMethodAccessorImpl.invoke0(Native Method)
	at java.base/jdk.internal.reflect.NativeMethodAccessorImpl.invoke(NativeMethodAccessorImpl.java:77)
	at java.base/jdk.internal.reflect.DelegatingMethodAccessorImpl.invoke(DelegatingMethodAccessorImpl.java:43)
	at java.base/java.lang.reflect.Method.invoke(Method.java:569)
	at org.springframework.aop.support.AopUtils.invokeJoinpointUsingReflection(AopUtils.java:355)
	at org.springframework.aop.framework.ReflectiveMethodInvocation.invokeJoinpoint(ReflectiveMethodInvocation.java:196)
	at org.springframework.aop.framework.ReflectiveMethodInvocation.proceed(ReflectiveMethodInvocation.java:163)
	at org.springframework.aop.framework.CglibAopProxy$CglibMethodInvocation.proceed(CglibAopProxy.java:768)
	at org.springframework.transaction.interceptor.TransactionAspectSupport.invokeWithinTransaction(TransactionAspectSupport.java:379)
	at org.springframework.transaction.interceptor.TransactionInterceptor.invoke(TransactionInterceptor.java:119)
	at org.springframework.aop.framework.ReflectiveMethodInvocation.proceed(ReflectiveMethodInvocation.java:184)
	at org.springframework.aop.framework.CglibAopProxy$CglibMethodInvocation.proceed(CglibAopProxy.java:768)
	at org.springframework.aop.framework.CglibAopProxy$DynamicAdvisedInterceptor.intercept(CglibAopProxy.java:720)
	at p1.teamtodo.user.UserService$$SpringCGLIB$$0.editUser(<generated>)
	at p1.teamtodo.user.UserController.editUser(UserController.java:56)
	at java.base/jdk.internal.reflect.NativeMethodAccessorImpl.invoke0(Native Method)
	at java.base/jdk.internal.reflect.NativeMethodAccessorImpl.invoke(NativeMethodAccessorImpl.java:77)
	at java.base/jdk.internal.reflect.DelegatingMethodAccessorImpl.invoke(DelegatingMethodAccessorImpl.java:43)
	at java.base/java.lang.reflect.Method.invoke(Method.java:569)
	at org.springframework.web.method.support.InvocableHandlerMethod.doInvoke(InvocableHandlerMethod.java:255)
	at org.springframework.web.method.support.InvocableHandlerMethod.invokeForRequest(InvocableHandlerMethod.java:188)
	at org.springframework.web.servlet.mvc.method.annotation.ServletInvocableHandlerMethod.invokeAndHandle(ServletInvocableHandlerMethod.java:118)
	at org.springframework.web.servlet.mvc.method.annotation.RequestMappingHandlerAdapter.invokeHandlerMethod(RequestMappingHandlerAdapter.java:926)
	at org.springframework.web.servlet.mvc.method.annotation.RequestMappingHandlerAdapter.handleInternal(RequestMappingHandlerAdapter.java:831)
	at org.springframework.web.servlet.mvc.method.AbstractHandlerMethodAdapter.handle(AbstractHandlerMethodAdapter.java:87)
	at org.springframework.web.servlet.DispatcherServlet.doDispatch(DispatcherServlet.java:1089)
	at org.springframework.web.servlet.DispatcherServlet.doService(DispatcherServlet.java:979)
	at org.springframework.web.servlet.FrameworkServlet.processRequest(FrameworkServlet.java:1014)
	at org.springframework.web.servlet.FrameworkServlet.doPut(FrameworkServlet.java:925)
	at jakarta.servlet.http.HttpServlet.service(HttpServlet.java:593)
	at org.springframework.web.servlet.FrameworkServlet.service(FrameworkServlet.java:885)
	at jakarta.servlet.http.HttpServlet.service(HttpServlet.java:658)
	at org.apache.catalina.core.ApplicationFilterChain.internalDoFilter(ApplicationFilterChain.java:195)
	at org.apache.catalina.core.ApplicationFilterChain.doFilter(ApplicationFilterChain.java:140)
	at org.apache.tomcat.websocket.server.WsFilter.doFilter(WsFilter.java:51)
	at org.apache.catalina.core.ApplicationFilterChain.internalDoFilter(ApplicationFilterChain.java:164)
	at org.apache.catalina.core.ApplicationFilterChain.doFilter(ApplicationFilterChain.java:140)
	at org.springframework.web.filter.RequestContextFilter.doFilterInternal(RequestContextFilter.java:100)
	at org.springframework.web.filter.OncePerRequestFilter.doFilter(OncePerRequestFilter.java:116)
	at org.apache.catalina.core.ApplicationFilterChain.internalDoFilter(ApplicationFilterChain.java:164)
	at org.apache.catalina.core.ApplicationFilterChain.doFilter(ApplicationFilterChain.java:140)
	at org.springframework.web.filter.FormContentFilter.doFilterInternal(FormContentFilter.java:93)
	at org.springframework.web.filter.OncePerRequestFilter.doFilter(OncePerRequestFilter.java:116)
	at org.apache.catalina.core.ApplicationFilterChain.internalDoFilter(ApplicationFilterChain.java:164)
	at org.apache.catalina.core.ApplicationFilterChain.doFilter(ApplicationFilterChain.java:140)
	at org.springframework.web.filter.CharacterEncodingFilter.doFilterInternal(CharacterEncodingFilter.java:201)
	at org.springframework.web.filter.OncePerRequestFilter.doFilter(OncePerRequestFilter.java:116)
	at org.apache.catalina.core.ApplicationFilterChain.internalDoFilter(ApplicationFilterChain.java:164)
	at org.apache.catalina.core.ApplicationFilterChain.doFilter(ApplicationFilterChain.java:140)
	at org.apache.catalina.core.StandardWrapperValve.invoke(StandardWrapperValve.java:167)
	at org.apache.catalina.core.StandardContextValve.invoke(StandardContextValve.java:90)
	at org.apache.catalina.authenticator.AuthenticatorBase.invoke(AuthenticatorBase.java:483)
	at org.apache.catalina.core.StandardHostValve.invoke(StandardHostValve.java:115)
	at org.apache.catalina.valves.ErrorReportValve.invoke(ErrorReportValve.java:93)
	at org.apache.catalina.core.StandardEngineValve.invoke(StandardEngineValve.java:74)
	at org.apache.catalina.connector.CoyoteAdapter.service(CoyoteAdapter.java:344)
	at org.apache.coyote.http11.Http11Processor.service(Http11Processor.java:397)
	at org.apache.coyote.AbstractProcessorLight.process(AbstractProcessorLight.java:63)
	at org.apache.coyote.AbstractProtocol$ConnectionHandler.process(AbstractProtocol.java:905)
	at org.apache.tomcat.util.net.NioEndpoint$SocketProcessor.doRun(NioEndpoint.java:1741)
	at org.apache.tomcat.util.net.SocketProcessorBase.run(SocketProcessorBase.java:52)
	at org.apache.tomcat.util.threads.ThreadPoolExecutor.runWorker(ThreadPoolExecutor.java:1190)
	at org.apache.tomcat.util.threads.ThreadPoolExecutor$Worker.run(ThreadPoolExecutor.java:659)
	at org.apache.tomcat.util.threads.TaskThread$WrappingRunnable.run(TaskThread.java:63)
	at java.base/java.lang.Thread.run(Thread.java:840)
[2024-12-25 00:20:31 INFO SpringApplicationShutdownHook] [com.zaxxer.hikari.HikariDataSource] HikariPool-1 - Shutdown initiated...
[2024-12-25 00:20:31 INFO SpringApplicationShutdownHook] [com.zaxxer.hikari.HikariDataSource] HikariPool-1 - Shutdown completed.
[2024-12-25 00:21:50 INFO background-preinit] [org.hibernate.validator.internal.util.Version] HV000001: Hibernate Validator 8.0.1.Final
[2024-12-25 00:21:50 INFO main] [p1.teamtodo.TeamtodoApplication] Starting TeamtodoApplication using Java 17.0.13 with PID 27208 (C:\Users\rmwl2\spring\teamtodo\build\classes\java\main started by rmwl2 in C:\Users\rmwl2\spring\teamtodo)
[2024-12-25 00:21:50 INFO main] [p1.teamtodo.TeamtodoApplication] No active profile set, falling back to 1 default profile: "default"
[2024-12-25 00:21:52 INFO main] [org.springframework.boot.web.embedded.tomcat.TomcatWebServer] Tomcat initialized with port 8080 (http)
[2024-12-25 00:21:52 INFO main] [org.apache.coyote.http11.Http11NioProtocol] Initializing ProtocolHandler ["http-nio-8080"]
[2024-12-25 00:21:52 INFO main] [org.apache.catalina.core.StandardService] Starting service [Tomcat]
[2024-12-25 00:21:52 INFO main] [org.apache.catalina.core.StandardEngine] Starting Servlet engine: [Apache Tomcat/10.1.33]
[2024-12-25 00:21:52 INFO main] [org.apache.catalina.core.ContainerBase.[Tomcat].[localhost].[/]] Initializing Spring embedded WebApplicationContext
[2024-12-25 00:21:52 INFO main] [org.springframework.boot.web.servlet.context.ServletWebServerApplicationContext] Root WebApplicationContext: initialization completed in 1860 ms
[2024-12-25 00:21:52 INFO main] [p1.teamtodo.common.MyFileUtils] MyFileUtils - 생성자: D:/Students/yjw/teamtodo/files
[2024-12-25 00:21:53 INFO main] [org.apache.coyote.http11.Http11NioProtocol] Starting ProtocolHandler ["http-nio-8080"]
[2024-12-25 00:21:53 INFO main] [org.springframework.boot.web.embedded.tomcat.TomcatWebServer] Tomcat started on port 8080 (http) with context path '/'
[2024-12-25 00:21:53 INFO main] [p1.teamtodo.TeamtodoApplication] Started TeamtodoApplication in 4.096 seconds (process running for 5.33)
[2024-12-25 00:22:09 INFO http-nio-8080-exec-2] [org.apache.catalina.core.ContainerBase.[Tomcat].[localhost].[/]] Initializing Spring DispatcherServlet 'dispatcherServlet'
[2024-12-25 00:22:09 INFO http-nio-8080-exec-2] [org.springframework.web.servlet.DispatcherServlet] Initializing Servlet 'dispatcherServlet'
[2024-12-25 00:22:09 INFO http-nio-8080-exec-2] [org.springframework.web.servlet.DispatcherServlet] Completed initialization in 1 ms
[2024-12-25 00:22:09 INFO http-nio-8080-exec-2] [com.zaxxer.hikari.HikariDataSource] HikariPool-1 - Starting...
[2024-12-25 00:22:10 INFO http-nio-8080-exec-2] [com.zaxxer.hikari.pool.HikariPool] HikariPool-1 - Added connection net.sf.log4jdbc.sql.jdbcapi.ConnectionSpy@7366767f
[2024-12-25 00:22:10 INFO http-nio-8080-exec-2] [com.zaxxer.hikari.HikariDataSource] HikariPool-1 - Start completed.
[2024-12-25 00:22:10 DEBUGhttp-nio-8080-exec-2] [jdbc.sqltiming]  com.zaxxer.hikari.pool.ProxyPreparedStatement.execute(ProxyPreparedStatement.java:44)
1. SELECT EXISTS (
            SELECT nickname FROM `user`
            WHERE nickname='editnick'
        )
 {executed in 2 msec}
[2024-12-25 00:22:10 INFO http-nio-8080-exec-2] [jdbc.resultsettable] 
|-------------------------------------------------------------------------------------------------|
|exists (
            select nickname from `user`
            where nickname='editnick'
        ) |
|-------------------------------------------------------------------------------------------------|
|false                                                                                            |
|-------------------------------------------------------------------------------------------------|

[2024-12-25 00:22:10 DEBUGhttp-nio-8080-exec-2] [jdbc.sqltiming]  com.zaxxer.hikari.pool.ProxyPreparedStatement.execute(ProxyPreparedStatement.java:44)
1. UPDATE `user`
        SET nickname = 'editnick'
            , password = '$2a$10$MmV0.j9XACbGtoGVWmG32e6Gx5jGhPGCh9Va3vDKBgqWPm2ec4QY6'
            , profile_pic = '6db2dc12-a67a-41de-92e2-a8fd59eb7e4e.jpg'
        WHERE user_no = 1
 {executed in 6 msec}
[2024-12-25 00:22:56 INFO SpringApplicationShutdownHook] [com.zaxxer.hikari.HikariDataSource] HikariPool-1 - Shutdown initiated...
[2024-12-25 00:22:56 INFO SpringApplicationShutdownHook] [com.zaxxer.hikari.HikariDataSource] HikariPool-1 - Shutdown completed.
[2024-12-25 00:22:59 INFO background-preinit] [org.hibernate.validator.internal.util.Version] HV000001: Hibernate Validator 8.0.1.Final
[2024-12-25 00:22:59 INFO main] [p1.teamtodo.TeamtodoApplication] Starting TeamtodoApplication using Java 17.0.13 with PID 7724 (C:\Users\rmwl2\spring\teamtodo\build\classes\java\main started by rmwl2 in C:\Users\rmwl2\spring\teamtodo)
[2024-12-25 00:22:59 INFO main] [p1.teamtodo.TeamtodoApplication] No active profile set, falling back to 1 default profile: "default"
[2024-12-25 00:23:00 INFO main] [org.springframework.boot.web.embedded.tomcat.TomcatWebServer] Tomcat initialized with port 8080 (http)
[2024-12-25 00:23:00 INFO main] [org.apache.coyote.http11.Http11NioProtocol] Initializing ProtocolHandler ["http-nio-8080"]
[2024-12-25 00:23:00 INFO main] [org.apache.catalina.core.StandardService] Starting service [Tomcat]
[2024-12-25 00:23:00 INFO main] [org.apache.catalina.core.StandardEngine] Starting Servlet engine: [Apache Tomcat/10.1.33]
[2024-12-25 00:23:00 INFO main] [org.apache.catalina.core.ContainerBase.[Tomcat].[localhost].[/]] Initializing Spring embedded WebApplicationContext
[2024-12-25 00:23:00 INFO main] [org.springframework.boot.web.servlet.context.ServletWebServerApplicationContext] Root WebApplicationContext: initialization completed in 1710 ms
[2024-12-25 00:23:01 INFO main] [p1.teamtodo.common.MyFileUtils] MyFileUtils - 생성자: D:/Students/yjw/teamtodo/files
[2024-12-25 00:23:02 INFO main] [org.apache.coyote.http11.Http11NioProtocol] Starting ProtocolHandler ["http-nio-8080"]
[2024-12-25 00:23:02 INFO main] [org.springframework.boot.web.embedded.tomcat.TomcatWebServer] Tomcat started on port 8080 (http) with context path '/'
[2024-12-25 00:23:02 INFO main] [p1.teamtodo.TeamtodoApplication] Started TeamtodoApplication in 3.891 seconds (process running for 4.647)
[2024-12-25 00:23:03 INFO http-nio-8080-exec-2] [org.apache.catalina.core.ContainerBase.[Tomcat].[localhost].[/]] Initializing Spring DispatcherServlet 'dispatcherServlet'
[2024-12-25 00:23:03 INFO http-nio-8080-exec-2] [org.springframework.web.servlet.DispatcherServlet] Initializing Servlet 'dispatcherServlet'
[2024-12-25 00:23:03 INFO http-nio-8080-exec-2] [org.springframework.web.servlet.DispatcherServlet] Completed initialization in 1 ms
[2024-12-25 00:23:04 INFO http-nio-8080-exec-2] [com.zaxxer.hikari.HikariDataSource] HikariPool-1 - Starting...
[2024-12-25 00:23:04 INFO http-nio-8080-exec-2] [com.zaxxer.hikari.pool.HikariPool] HikariPool-1 - Added connection net.sf.log4jdbc.sql.jdbcapi.ConnectionSpy@2348d549
[2024-12-25 00:23:04 INFO http-nio-8080-exec-2] [com.zaxxer.hikari.HikariDataSource] HikariPool-1 - Start completed.
[2024-12-25 00:23:04 DEBUGhttp-nio-8080-exec-2] [jdbc.sqltiming]  com.zaxxer.hikari.pool.ProxyPreparedStatement.execute(ProxyPreparedStatement.java:44)
1. SELECT EXISTS (
            SELECT nickname FROM `user`
            WHERE nickname='editnick'
        )
 {executed in 1 msec}
[2024-12-25 00:23:04 INFO http-nio-8080-exec-2] [jdbc.resultsettable] 
|-------------------------------------------------------------------------------------------------|
|exists (
            select nickname from `user`
            where nickname='editnick'
        ) |
|-------------------------------------------------------------------------------------------------|
|true                                                                                             |
|-------------------------------------------------------------------------------------------------|

[2024-12-25 00:23:21 DEBUGhttp-nio-8080-exec-3] [jdbc.sqltiming]  com.zaxxer.hikari.pool.ProxyPreparedStatement.execute(ProxyPreparedStatement.java:44)
1. SELECT EXISTS (
            SELECT nickname FROM `user`
            WHERE nickname='editnick'
        )
 {executed in 0 msec}
[2024-12-25 00:23:21 INFO http-nio-8080-exec-3] [jdbc.resultsettable] 
|-------------------------------------------------------------------------------------------------|
|exists (
            select nickname from `user`
            where nickname='editnick'
        ) |
|-------------------------------------------------------------------------------------------------|
|false                                                                                            |
|-------------------------------------------------------------------------------------------------|

[2024-12-25 00:23:22 DEBUGhttp-nio-8080-exec-3] [jdbc.sqltiming]  com.zaxxer.hikari.pool.ProxyPreparedStatement.execute(ProxyPreparedStatement.java:44)
1. UPDATE `user`
        SET nickname = 'editnick'
            , password = '$2a$10$02irqehNfjhAU1Suv5sIe.N4mliZZ84yvSpO1RutD2oMjvY/K0pLe'
            , profile_pic = 'd3717e51-b39e-4303-b405-c469c663b05e.jpg'
            , status_message = NULL
        WHERE user_no = 1
 {executed in 0 msec}
[2024-12-25 00:24:05 INFO SpringApplicationShutdownHook] [com.zaxxer.hikari.HikariDataSource] HikariPool-1 - Shutdown initiated...
[2024-12-25 00:24:05 INFO SpringApplicationShutdownHook] [com.zaxxer.hikari.HikariDataSource] HikariPool-1 - Shutdown completed.
[2024-12-25 00:24:10 INFO background-preinit] [org.hibernate.validator.internal.util.Version] HV000001: Hibernate Validator 8.0.1.Final
[2024-12-25 00:24:10 INFO main] [p1.teamtodo.TeamtodoApplication] Starting TeamtodoApplication using Java 17.0.13 with PID 22728 (C:\Users\rmwl2\spring\teamtodo\build\classes\java\main started by rmwl2 in C:\Users\rmwl2\spring\teamtodo)
[2024-12-25 00:24:10 INFO main] [p1.teamtodo.TeamtodoApplication] No active profile set, falling back to 1 default profile: "default"
[2024-12-25 00:24:12 INFO main] [org.springframework.boot.web.embedded.tomcat.TomcatWebServer] Tomcat initialized with port 8080 (http)
[2024-12-25 00:24:12 INFO main] [org.apache.coyote.http11.Http11NioProtocol] Initializing ProtocolHandler ["http-nio-8080"]
[2024-12-25 00:24:12 INFO main] [org.apache.catalina.core.StandardService] Starting service [Tomcat]
[2024-12-25 00:24:12 INFO main] [org.apache.catalina.core.StandardEngine] Starting Servlet engine: [Apache Tomcat/10.1.33]
[2024-12-25 00:24:12 INFO main] [org.apache.catalina.core.ContainerBase.[Tomcat].[localhost].[/]] Initializing Spring embedded WebApplicationContext
[2024-12-25 00:24:12 INFO main] [org.springframework.boot.web.servlet.context.ServletWebServerApplicationContext] Root WebApplicationContext: initialization completed in 1773 ms
[2024-12-25 00:24:12 INFO main] [p1.teamtodo.common.MyFileUtils] MyFileUtils - 생성자: D:/Students/yjw/teamtodo/files
[2024-12-25 00:24:13 INFO main] [org.apache.coyote.http11.Http11NioProtocol] Starting ProtocolHandler ["http-nio-8080"]
[2024-12-25 00:24:13 INFO main] [org.springframework.boot.web.embedded.tomcat.TomcatWebServer] Tomcat started on port 8080 (http) with context path '/'
[2024-12-25 00:24:13 INFO main] [p1.teamtodo.TeamtodoApplication] Started TeamtodoApplication in 3.88 seconds (process running for 5.228)
[2024-12-25 00:24:19 INFO http-nio-8080-exec-2] [org.apache.catalina.core.ContainerBase.[Tomcat].[localhost].[/]] Initializing Spring DispatcherServlet 'dispatcherServlet'
[2024-12-25 00:24:19 INFO http-nio-8080-exec-2] [org.springframework.web.servlet.DispatcherServlet] Initializing Servlet 'dispatcherServlet'
[2024-12-25 00:24:19 INFO http-nio-8080-exec-2] [org.springframework.web.servlet.DispatcherServlet] Completed initialization in 1 ms
[2024-12-25 00:24:19 INFO http-nio-8080-exec-2] [com.zaxxer.hikari.HikariDataSource] HikariPool-1 - Starting...
[2024-12-25 00:24:19 INFO http-nio-8080-exec-2] [com.zaxxer.hikari.pool.HikariPool] HikariPool-1 - Added connection net.sf.log4jdbc.sql.jdbcapi.ConnectionSpy@5bac3de1
[2024-12-25 00:24:19 INFO http-nio-8080-exec-2] [com.zaxxer.hikari.HikariDataSource] HikariPool-1 - Start completed.
[2024-12-25 00:24:20 DEBUGhttp-nio-8080-exec-2] [jdbc.sqltiming]  com.zaxxer.hikari.pool.ProxyPreparedStatement.execute(ProxyPreparedStatement.java:44)
1. SELECT EXISTS (
            SELECT nickname FROM `user`
            WHERE nickname='editnick'
        )
 {executed in 1 msec}
[2024-12-25 00:24:20 INFO http-nio-8080-exec-2] [jdbc.resultsettable] 
|-------------------------------------------------------------------------------------------------|
|exists (
            select nickname from `user`
            where nickname='editnick'
        ) |
|-------------------------------------------------------------------------------------------------|
|false                                                                                            |
|-------------------------------------------------------------------------------------------------|

[2024-12-25 00:24:20 DEBUGhttp-nio-8080-exec-2] [jdbc.sqltiming]  com.zaxxer.hikari.pool.ProxyPreparedStatement.execute(ProxyPreparedStatement.java:44)
1. UPDATE `user`
        SET nickname = 'editnick'
            , password = '$2a$10$xeK/VGqujMHTf/lMXaNYWedyAmOlsWRNyZUZlnEAyDbuWYc9kxFp2'
            , profile_pic = '4ad44561-70d3-4e63-acf7-e1c9f1e947fb.jpg'
            , status_message = '상태메세지 수정'
        WHERE user_no = 1
 {executed in 1 msec}
[2024-12-25 00:24:34 INFO SpringApplicationShutdownHook] [com.zaxxer.hikari.HikariDataSource] HikariPool-1 - Shutdown initiated...
[2024-12-25 00:24:34 INFO SpringApplicationShutdownHook] [com.zaxxer.hikari.HikariDataSource] HikariPool-1 - Shutdown completed.
